STARTING GAN TRAINING
Loading Zhang pretrained model (original)...

[Epoch 1] G_loss: 106.3261 | D_loss: 0.2005 | L1_loss: 10.2025 | GAN_loss: 4.3007
✓ Saved sample image: gan_samples/epoch_1.png
✓ New best generator (G_loss=106.3261) saved to best_gan_generator.pth

[Epoch 2] G_loss: 106.4244 | D_loss: 0.1816 | L1_loss: 10.0348 | GAN_loss: 6.0763
✓ Saved sample image: gan_samples/epoch_2.png

[Epoch 3] G_loss: 105.7156 | D_loss: 0.1837 | L1_loss: 9.9091 | GAN_loss: 6.6243
✓ Saved sample image: gan_samples/epoch_3.png
✓ New best generator (G_loss=105.7156) saved to best_gan_generator.pth

[Epoch 4] G_loss: 104.9814 | D_loss: 0.1855 | L1_loss: 9.8112 | GAN_loss: 6.8696
✓ Saved sample image: gan_samples/epoch_4.png
✓ New best generator (G_loss=104.9814) saved to best_gan_generator.pth

[Epoch 5] G_loss: 104.0412 | D_loss: 0.1855 | L1_loss: 9.6883 | GAN_loss: 7.1584
✓ Saved sample image: gan_samples/epoch_5.png
✓ New best generator (G_loss=104.0412) saved to best_gan_generator.pth

[Epoch 6] G_loss: 103.4470 | D_loss: 0.1901 | L1_loss: 9.6165 | GAN_loss: 7.2822
✓ Saved sample image: gan_samples/epoch_6.png
✓ New best generator (G_loss=103.4470) saved to best_gan_generator.pth

[Epoch 7] G_loss: 102.7914 | D_loss: 0.1976 | L1_loss: 9.5423 | GAN_loss: 7.3688
✓ Saved sample image: gan_samples/epoch_7.png
✓ New best generator (G_loss=102.7914) saved to best_gan_generator.pth

[Epoch 8] G_loss: 102.2231 | D_loss: 0.1987 | L1_loss: 9.4779 | GAN_loss: 7.4444
✓ Saved sample image: gan_samples/epoch_8.png
✓ New best generator (G_loss=102.2231) saved to best_gan_generator.pth

[Epoch 9] G_loss: 101.4036 | D_loss: 0.2016 | L1_loss: 9.3872 | GAN_loss: 7.5315
✓ Saved sample image: gan_samples/epoch_9.png
✓ New best generator (G_loss=101.4036) saved to best_gan_generator.pth

[Epoch 10] G_loss: 100.9754 | D_loss: 0.2035 | L1_loss: 9.3436 | GAN_loss: 7.5391
✓ Saved sample image: gan_samples/epoch_10.png
✓ New best generator (G_loss=100.9754) saved to best_gan_generator.pth

[Epoch 11] G_loss: 100.6079 | D_loss: 0.2016 | L1_loss: 9.3000 | GAN_loss: 7.6076
✓ Saved sample image: gan_samples/epoch_11.png
✓ New best generator (G_loss=100.6079) saved to best_gan_generator.pth

[Epoch 12] G_loss: 100.1369 | D_loss: 0.1907 | L1_loss: 9.2256 | GAN_loss: 7.8811
✓ Saved sample image: gan_samples/epoch_12.png
✓ New best generator (G_loss=100.1369) saved to best_gan_generator.pth

[Epoch 13] G_loss: 99.2351 | D_loss: 0.1782 | L1_loss: 9.1009 | GAN_loss: 8.2261
✓ Saved sample image: gan_samples/epoch_13.png
✓ New best generator (G_loss=99.2351) saved to best_gan_generator.pth

[Epoch 14] G_loss: 98.6372 | D_loss: 0.1729 | L1_loss: 9.0023 | GAN_loss: 8.6143
✓ Saved sample image: gan_samples/epoch_14.png
✓ New best generator (G_loss=98.6372) saved to best_gan_generator.pth

[Epoch 15] G_loss: 98.1674 | D_loss: 0.1716 | L1_loss: 8.9533 | GAN_loss: 8.6341
✓ Saved sample image: gan_samples/epoch_15.png
✓ New best generator (G_loss=98.1674) saved to best_gan_generator.pth

[Epoch 16] G_loss: 97.4582 | D_loss: 0.1666 | L1_loss: 8.8594 | GAN_loss: 8.8638
✓ Saved sample image: gan_samples/epoch_16.png
✓ New best generator (G_loss=97.4582) saved to best_gan_generator.pth

[Epoch 17] G_loss: 96.9088 | D_loss: 0.1644 | L1_loss: 8.7773 | GAN_loss: 9.1358
✓ Saved sample image: gan_samples/epoch_17.png
✓ New best generator (G_loss=96.9088) saved to best_gan_generator.pth

[Epoch 18] G_loss: 96.2819 | D_loss: 0.1645 | L1_loss: 8.7018 | GAN_loss: 9.2638
✓ Saved sample image: gan_samples/epoch_18.png
✓ New best generator (G_loss=96.2819) saved to best_gan_generator.pth

[Epoch 19] G_loss: 95.4095 | D_loss: 0.1633 | L1_loss: 8.5945 | GAN_loss: 9.4643
✓ Saved sample image: gan_samples/epoch_19.png
✓ New best generator (G_loss=95.4095) saved to best_gan_generator.pth

[Epoch 20] G_loss: 94.8964 | D_loss: 0.1629 | L1_loss: 8.5250 | GAN_loss: 9.6460
✓ Saved sample image: gan_samples/epoch_20.png
✓ New best generator (G_loss=94.8964) saved to best_gan_generator.pth

[Epoch 21] G_loss: 94.2176 | D_loss: 0.1628 | L1_loss: 8.4380 | GAN_loss: 9.8377
✓ Saved sample image: gan_samples/epoch_21.png
✓ New best generator (G_loss=94.2176) saved to best_gan_generator.pth

[Epoch 22] G_loss: 93.3160 | D_loss: 0.1632 | L1_loss: 8.3258 | GAN_loss: 10.0582
✓ Saved sample image: gan_samples/epoch_22.png
✓ New best generator (G_loss=93.3160) saved to best_gan_generator.pth

[Epoch 23] G_loss: 92.3935 | D_loss: 0.1628 | L1_loss: 8.2253 | GAN_loss: 10.1404
✓ Saved sample image: gan_samples/epoch_23.png
✓ New best generator (G_loss=92.3935) saved to best_gan_generator.pth

[Epoch 24] G_loss: 91.5385 | D_loss: 0.1627 | L1_loss: 8.1229 | GAN_loss: 10.3096
✓ Saved sample image: gan_samples/epoch_24.png
✓ New best generator (G_loss=91.5385) saved to best_gan_generator.pth

[Epoch 25] G_loss: 90.6801 | D_loss: 0.1627 | L1_loss: 8.0218 | GAN_loss: 10.4620
✓ Saved sample image: gan_samples/epoch_25.png
✓ New best generator (G_loss=90.6801) saved to best_gan_generator.pth

[Epoch 26] G_loss: 90.1339 | D_loss: 0.1626 | L1_loss: 7.9481 | GAN_loss: 10.6527
✓ Saved sample image: gan_samples/epoch_26.png
✓ New best generator (G_loss=90.1339) saved to best_gan_generator.pth

[Epoch 27] G_loss: 88.9731 | D_loss: 0.1627 | L1_loss: 7.8245 | GAN_loss: 10.7281
✓ Saved sample image: gan_samples/epoch_27.png
✓ New best generator (G_loss=88.9731) saved to best_gan_generator.pth

[Epoch 28] G_loss: 88.2361 | D_loss: 0.1626 | L1_loss: 7.7441 | GAN_loss: 10.7947
✓ Saved sample image: gan_samples/epoch_28.png
✓ New best generator (G_loss=88.2361) saved to best_gan_generator.pth

[Epoch 29] G_loss: 87.5455 | D_loss: 0.1626 | L1_loss: 7.6578 | GAN_loss: 10.9673
✓ Saved sample image: gan_samples/epoch_29.png
✓ New best generator (G_loss=87.5455) saved to best_gan_generator.pth

[Epoch 30] G_loss: 86.5058 | D_loss: 0.1628 | L1_loss: 7.5457 | GAN_loss: 11.0484
✓ Saved sample image: gan_samples/epoch_30.png
✓ New best generator (G_loss=86.5058) saved to best_gan_generator.pth
RUNNING INFERENCE

Starting inference on 50 images...
✓ Saved 50 images to gan_colorized_output/

COMPLETE!
